<?xml version="1.0" encoding="UTF-8"?>
<testng-results skipped="0" failed="0" total="6" passed="6">
  <reporter-output>
  </reporter-output>
  <suite name="Default suite" duration-ms="34" started-at="2016-12-07T13:56:18Z" finished-at="2016-12-07T13:56:18Z">
    <groups>
    </groups>
    <test name="Default test" duration-ms="34" started-at="2016-12-07T13:56:18Z" finished-at="2016-12-07T13:56:18Z">
      <class name="com.meridal.examples.CalculatorTest">
        <test-method status="PASS" signature="setup()[pri:0, instance:com.meridal.examples.CalculatorTest@5d5eef3d]" name="setup" is-config="true" duration-ms="3" started-at="2016-12-07T13:56:18Z" finished-at="2016-12-07T13:56:18Z">
          <reporter-output>
          </reporter-output>
        </test-method> <!-- setup -->
        <test-method status="PASS" signature="testAdd(java.lang.Integer)[pri:0, instance:com.meridal.examples.CalculatorTest@5d5eef3d]" name="testAdd" duration-ms="6" started-at="2016-12-07T13:56:18Z" data-provider="example-add" finished-at="2016-12-07T13:56:18Z">
          <params>
            <param index="0">
              <value>
                <![CDATA[10]]>
              </value>
            </param>
          </params>
          <reporter-output>
          </reporter-output>
        </test-method> <!-- testAdd -->
        <test-method status="PASS" signature="setup()[pri:0, instance:com.meridal.examples.CalculatorTest@5d5eef3d]" name="setup" is-config="true" duration-ms="1" started-at="2016-12-07T13:56:18Z" finished-at="2016-12-07T13:56:18Z">
          <reporter-output>
          </reporter-output>
        </test-method> <!-- setup -->
        <test-method status="PASS" signature="testAddWithResult(int, int)[pri:0, instance:com.meridal.examples.CalculatorTest@5d5eef3d]" name="testAddWithResult" duration-ms="0" started-at="2016-12-07T13:56:18Z" data-provider="example-add-with-result" finished-at="2016-12-07T13:56:18Z">
          <params>
            <param index="0">
              <value>
                <![CDATA[1]]>
              </value>
            </param>
            <param index="1">
              <value>
                <![CDATA[2]]>
              </value>
            </param>
          </params>
          <reporter-output>
          </reporter-output>
        </test-method> <!-- testAddWithResult -->
        <test-method status="PASS" signature="testAddWithResult(int, int)[pri:0, instance:com.meridal.examples.CalculatorTest@5d5eef3d]" name="testAddWithResult" duration-ms="1" started-at="2016-12-07T13:56:18Z" data-provider="example-add-with-result" finished-at="2016-12-07T13:56:18Z">
          <params>
            <param index="0">
              <value>
                <![CDATA[10]]>
              </value>
            </param>
            <param index="1">
              <value>
                <![CDATA[11]]>
              </value>
            </param>
          </params>
          <reporter-output>
          </reporter-output>
        </test-method> <!-- testAddWithResult -->
        <test-method status="PASS" signature="setup()[pri:0, instance:com.meridal.examples.CalculatorTest@5d5eef3d]" name="setup" is-config="true" duration-ms="0" started-at="2016-12-07T13:56:18Z" finished-at="2016-12-07T13:56:18Z">
          <reporter-output>
          </reporter-output>
        </test-method> <!-- setup -->
        <test-method status="PASS" signature="setup()[pri:0, instance:com.meridal.examples.CalculatorTest@5d5eef3d]" name="setup" is-config="true" duration-ms="1" started-at="2016-12-07T13:56:18Z" finished-at="2016-12-07T13:56:18Z">
          <reporter-output>
          </reporter-output>
        </test-method> <!-- setup -->
        <test-method status="PASS" signature="testConstructor()[pri:0, instance:com.meridal.examples.CalculatorTest@5d5eef3d]" name="testConstructor" duration-ms="0" started-at="2016-12-07T13:56:18Z" finished-at="2016-12-07T13:56:18Z">
          <reporter-output>
          </reporter-output>
        </test-method> <!-- testConstructor -->
        <test-method status="PASS" signature="setup()[pri:0, instance:com.meridal.examples.CalculatorTest@5d5eef3d]" name="setup" is-config="true" duration-ms="0" started-at="2016-12-07T13:56:18Z" finished-at="2016-12-07T13:56:18Z">
          <reporter-output>
          </reporter-output>
        </test-method> <!-- setup -->
        <test-method status="PASS" signature="testSubtract(int, int)[pri:0, instance:com.meridal.examples.CalculatorTest@5d5eef3d]" name="testSubtract" duration-ms="1" started-at="2016-12-07T13:56:18Z" finished-at="2016-12-07T13:56:18Z">
          <params>
            <param index="0">
              <value>
                <![CDATA[1]]>
              </value>
            </param>
            <param index="1">
              <value>
                <![CDATA[0]]>
              </value>
            </param>
          </params>
          <reporter-output>
          </reporter-output>
        </test-method> <!-- testSubtract -->
        <test-method status="PASS" signature="setup()[pri:0, instance:com.meridal.examples.CalculatorTest@5d5eef3d]" name="setup" is-config="true" duration-ms="0" started-at="2016-12-07T13:56:18Z" finished-at="2016-12-07T13:56:18Z">
          <reporter-output>
          </reporter-output>
        </test-method> <!-- setup -->
        <test-method status="PASS" signature="testWithNull()[pri:0, instance:com.meridal.examples.CalculatorTest@5d5eef3d]" name="testWithNull" duration-ms="0" started-at="2016-12-07T13:56:18Z" finished-at="2016-12-07T13:56:18Z">
          <exception class="java.lang.NullPointerException">
            <full-stacktrace>
              <![CDATA[java.lang.NullPointerException
	at com.meridal.examples.CalculatorTest.testWithNull(CalculatorTest.java:65)
	at sun.reflect.NativeMethodAccessorImpl.invoke0(Native Method)
	at sun.reflect.NativeMethodAccessorImpl.invoke(NativeMethodAccessorImpl.java:62)
	at sun.reflect.DelegatingMethodAccessorImpl.invoke(DelegatingMethodAccessorImpl.java:43)
	at java.lang.reflect.Method.invoke(Method.java:497)
	at org.testng.internal.MethodInvocationHelper.invokeMethod(MethodInvocationHelper.java:86)
	at org.testng.internal.Invoker.invokeMethod(Invoker.java:643)
	at org.testng.internal.Invoker.invokeTestMethod(Invoker.java:820)
	at org.testng.internal.Invoker.invokeTestMethods(Invoker.java:1128)
	at org.testng.internal.TestMethodWorker.invokeTestMethods(TestMethodWorker.java:129)
	at org.testng.internal.TestMethodWorker.run(TestMethodWorker.java:112)
	at org.testng.TestRunner.privateRun(TestRunner.java:782)
	at org.testng.TestRunner.run(TestRunner.java:632)
	at org.testng.SuiteRunner.runTest(SuiteRunner.java:366)
	at org.testng.SuiteRunner.runSequentially(SuiteRunner.java:361)
	at org.testng.SuiteRunner.privateRun(SuiteRunner.java:319)
	at org.testng.SuiteRunner.run(SuiteRunner.java:268)
	at org.testng.SuiteRunnerWorker.runSuite(SuiteRunnerWorker.java:52)
	at org.testng.SuiteRunnerWorker.run(SuiteRunnerWorker.java:86)
	at org.testng.TestNG.runSuitesSequentially(TestNG.java:1244)
	at org.testng.TestNG.runSuitesLocally(TestNG.java:1169)
	at org.testng.TestNG.run(TestNG.java:1064)
	at org.testng.remote.AbstractRemoteTestNG.run(AbstractRemoteTestNG.java:132)
	at org.testng.remote.RemoteTestNG.initAndRun(RemoteTestNG.java:236)
	at org.testng.remote.RemoteTestNG.main(RemoteTestNG.java:81)
]]>
            </full-stacktrace>
          </exception> <!-- java.lang.NullPointerException -->
          <reporter-output>
          </reporter-output>
        </test-method> <!-- testWithNull -->
      </class> <!-- com.meridal.examples.CalculatorTest -->
    </test> <!-- Default test -->
  </suite> <!-- Default suite -->
</testng-results>
