<?xml version="1.0" encoding="UTF-8"?>
<!-- Generated by org.testng.reporters.JUnitXMLReporter -->
<testsuite hostname="LONC02N5G5FG3QC.sea.corp.expecn.com" name="Default test" tests="6" failures="0" timestamp="7 Dec 2016 13:56:18 GMT" time="0.034" errors="0">
  <testcase name="testAdd" time="0.006" classname="com.meridal.examples.CalculatorTest"/>
  <testcase name="testAddWithResult" time="0.0" classname="com.meridal.examples.CalculatorTest"/>
  <testcase name="testAddWithResult" time="0.001" classname="com.meridal.examples.CalculatorTest"/>
  <testcase name="testConstructor" time="0.0" classname="com.meridal.examples.CalculatorTest"/>
  <testcase name="testSubtract" time="0.001" classname="com.meridal.examples.CalculatorTest"/>
  <testcase name="testWithNull" time="0.0" classname="com.meridal.examples.CalculatorTest"/>
</testsuite> <!-- Default test -->
